<?xml version="1.0" encoding="UTF-8"?>
<!-- Generated by org.testng.reporters.JUnitReportReporter -->
<testsuite hostname="RETDAYV-7611948" name="JavaPackage.JavaClass" tests="1" failures="0" timestamp="10 Mar 2017 12:12:51 GMT" time="5.887" errors="0">
  <testcase name="test" time="5.887" classname="JavaPackage.JavaClass"/>
</testsuite> <!-- JavaPackage.JavaClass -->
